  main.cpp
  stb_image.cpp
  Generating Code...
main.obj : error LNK2019: unresolved external symbol gladLoadGLLoader referenced in function main
main.obj : error LNK2001: unresolved external symbol glad_glTexParameteri
main.obj : error LNK2001: unresolved external symbol glad_glTexImage2D
main.obj : error LNK2001: unresolved external symbol glad_glClear
main.obj : error LNK2001: unresolved external symbol glad_glClearColor
main.obj : error LNK2001: unresolved external symbol glad_glViewport
main.obj : error LNK2001: unresolved external symbol glad_glDrawArrays
main.obj : error LNK2001: unresolved external symbol glad_glBindTexture
main.obj : error LNK2001: unresolved external symbol glad_glGenTextures
main.obj : error LNK2001: unresolved external symbol glad_glBindBuffer
main.obj : error LNK2001: unresolved external symbol glad_glDeleteBuffers
main.obj : error LNK2001: unresolved external symbol glad_glBufferData
main.obj : error LNK2001: unresolved external symbol glad_glAttachShader
main.obj : error LNK2001: unresolved external symbol glad_glCompileShader
main.obj : error LNK2001: unresolved external symbol glad_glCreateProgram
main.obj : error LNK2001: unresolved external symbol glad_glCreateShader
main.obj : error LNK2001: unresolved external symbol glad_glDeleteShader
main.obj : error LNK2001: unresolved external symbol glad_glEnableVertexAttribArray
main.obj : error LNK2001: unresolved external symbol glad_glGetProgramiv
main.obj : error LNK2001: unresolved external symbol glad_glGetProgramInfoLog
main.obj : error LNK2001: unresolved external symbol glad_glGetShaderiv
main.obj : error LNK2001: unresolved external symbol glad_glGetShaderInfoLog
main.obj : error LNK2001: unresolved external symbol glad_glGetUniformLocation
main.obj : error LNK2001: unresolved external symbol glad_glLinkProgram
main.obj : error LNK2001: unresolved external symbol glad_glShaderSource
main.obj : error LNK2001: unresolved external symbol glad_glUseProgram
main.obj : error LNK2001: unresolved external symbol glad_glUniform3f
main.obj : error LNK2001: unresolved external symbol glad_glUniformMatrix4fv
main.obj : error LNK2001: unresolved external symbol glad_glVertexAttribPointer
main.obj : error LNK2001: unresolved external symbol glad_glGenerateMipmap
main.obj : error LNK2001: unresolved external symbol glad_glBindVertexArray
main.obj : error LNK2001: unresolved external symbol glad_glDeleteVertexArrays
main.obj : error LNK2001: unresolved external symbol glad_glGenVertexArrays
C:\Users\Strut\source\repos\mini_gl_1\x64\Debug\mini_gl_1.exe : fatal error LNK1120: 33 unresolved externals
